Arguments: 
  C:\Program Files\nodejs\node.exe C:\Program Files\nodejs\node_modules\npm\node_modules\yarn\bin\yarn.js add dva

PATH: 
  C:\Windows\system32;C:\Windows;C:\Windows\system32\wbem;C:\Program Files (x86)\Git\cmd;C:\Program Files\nodejs;C:\Program Files\nodejs\node_modules\npm;C:\Program Files\nodejs\node_modules\npm\node_modules;C:\Program Files\nodejs\;E:\Microsoft VS Code\bin;F:\AppServ\Apache2.2\bin;F:\AppServ\php5;F:\AppServ\MySQL\bin;C:\Users\admin\AppData\Roaming\npm

Yarn version: 
  1.5.1

Node version: 
  8.9.3

Platform: 
  win32 x64

npm manifest: 
  {
    "devDependencies": {
      "autoprefixer": "^8.2.0",
      "babel-core": "^6.26.0",
      "babel-loader": "^7.1.4",
      "babel-preset-env": "^1.6.1",
      "babel-preset-react": "^6.24.1",
      "clean-webpack-plugin": "^0.1.19",
      "css-loader": "^0.28.11",
      "html-loader": "^0.5.5",
      "html-webpack-plugin": "^3.1.0",
      "jquery": "^3.3.1",
      "postcss-loader": "^2.1.3",
      "react": "^16.2.0",
      "react-dom": "^16.2.0",
      "react-router-dom": "^4.2.2",
      "style-loader": "^0.20.3",
      "uglifyjs-webpack-plugin": "^1.2.4",
      "url-loader": "^1.0.1",
      "webpack": "^4.3.0",
      "webpack-dev-server": "^3.1.1"
    }
  }

yarn manifest: 
  No manifest

Lockfile: 
  No lockfile

Trace: 
  Error: ENOENT: no such file or directory, copyfile 'C:\Users\admin\AppData\Local\Yarn\Cache\v1\npm-ansi-styles-3.2.1-41fbb20243e50b12be0f04b8dedbf07520ce841d\readme.md' -> 'C:\Users\admin\Desktop\react\评论小案例\node_modules\autoprefixer\node_modules\ansi-styles\readme.md'
